[     288ms] [INFO] %cDownload the React DevTools for a better development experience: https://react.dev/link/react-devtools font-weight:bold @ http://localhost:4000/_next/static/chunks/0d1g_next_dist_01ztmm1._.js:2477
[     369ms] [LOG] [HMR] connected @ http://localhost:4000/_next/static/chunks/0d1g_next_dist_01ztmm1._.js:2477
[     670ms] [ERROR] Encountered a script tag while rendering React component. Scripts inside React components are never executed when rendering on the client. Consider using template tag instead (https://developer.mozilla.org/en-US/docs/Web/HTML/Element/template). @ http://localhost:4000/_next/static/chunks/0d1g_next_dist_01ztmm1._.js:3318
[     738ms] Error: Hydration failed because the server rendered text didn't match the client. As a result this tree will be regenerated on the client. This can happen if a SSR-ed Client Component used:

- A server/client branch `if (typeof window !== 'undefined')`.
- Variable input such as `Date.now()` or `Math.random()` which changes each time it's called.
- Date formatting in a user's locale which doesn't match the server.
- External changing data without sending a snapshot of it along with the HTML.
- Invalid HTML tag nesting.

It can also happen if the client has a browser extension installed which messes with the HTML before React loaded.

https://react.dev/link/hydration-mismatch

  ...
    <InnerLayoutRouter url="/blocks" tree={[...]} params={{}} cacheNode={{rsc:{...}, ...}} segmentPath={[...]} ...>
      <SegmentViewNode type="page" pagePath="(app)/bloc...">
        <SegmentTrieNode>
        <BlocksPage>
          <PdfViewerBlocks>
            <section className="space-y-12">
              <PdfViewerBlockPreview block={{id:"pdf-dr...", ...}}>
                <article id="pdf-dropzone" className="space-y-3">
                  <div>
                  <div className="overflow-h...">
                    <div>
                    <div className="bg-background">
                      <PdfDropzoneBlock>
                        <div className="grid h-[72...">
                          <FileUpload accept="applicatio..." acceptedFileTypes={[...]} browseLabel="Browse PDF" ...>
                            <div className="space-y-3 ...">
                              <style>
+                               {"...   rgba(0, 0, 0, 0.08) 57%,\n        rgba(0, 0, 0, 0.2) 60%,\n        rgba(0, 0..."}
-                               {"...   rgba(255, 255, 255, 0.1) 57%,\n        rgba(255, 255, 255, 0.3) 60%,\n      ..."}
                              ...
              ...
      ...

    at throwOnHydrationMismatch (http://localhost:4000/_next/static/chunks/0d1g_next_dist_compiled_react-dom_02pv8tp._.js:3318:56)
    at prepareToHydrateHostInstance (http://localhost:4000/_next/static/chunks/0d1g_next_dist_compiled_react-dom_02pv8tp._.js:3372:23)
    at completeWork (http://localhost:4000/_next/static/chunks/0d1g_next_dist_compiled_react-dom_02pv8tp._.js:6922:60)
    at runWithFiberInDEV (http://localhost:4000/_next/static/chunks/0d1g_next_dist_compiled_react-dom_02pv8tp._.js:965:74)
    at completeUnitOfWork (http://localhost:4000/_next/static/chunks/0d1g_next_dist_compiled_react-dom_02pv8tp._.js:9622:23)
    at performUnitOfWork (http://localhost:4000/_next/static/chunks/0d1g_next_dist_compiled_react-dom_02pv8tp._.js:9557:28)
    at workLoopConcurrentByScheduler (http://localhost:4000/_next/static/chunks/0d1g_next_dist_compiled_react-dom_02pv8tp._.js:9551:58)
    at renderRootConcurrent (http://localhost:4000/_next/static/chunks/0d1g_next_dist_compiled_react-dom_02pv8tp._.js:9534:71)
    at performWorkOnRoot (http://localhost:4000/_next/static/chunks/0d1g_next_dist_compiled_react-dom_02pv8tp._.js:9061:150)
    at performWorkOnRootViaSchedulerTask (http://localhost:4000/_next/static/chunks/0d1g_next_dist_compiled_react-dom_02pv8tp._.js:10255:9)
    at MessagePort.performWorkUntilDeadline (http://localhost:4000/_next/static/chunks/0d1g_next_dist_compiled_0jcobmk._.js:2647:64)
[  624906ms] [LOG] [Fast Refresh] rebuilding @ http://localhost:4000/_next/static/chunks/0d1g_next_dist_01ztmm1._.js:2477
[  624943ms] [LOG] [Fast Refresh] done in 140ms @ http://localhost:4000/_next/static/chunks/0d1g_next_dist_01ztmm1._.js:2477
[  727495ms] [LOG] [Fast Refresh] rebuilding @ http://localhost:4000/_next/static/chunks/0d1g_next_dist_01ztmm1._.js:2477
[  728072ms] ReferenceError: verticalListSortingStrategy is not defined
    at SplitterGroupsPane (http://localhost:4000/_next/static/chunks/apps_v4_102_iax._.js?id=%255Bproject%255D%252Fapps%252Fv4%252Fcomponents%252Fdocument-splitter-docs.tsx+%255Bapp-client%255D+%2528ecmascript%2529:1026:35)
    at Object.react_stack_bottom_frame (http://localhost:4000/_next/static/chunks/0d1g_next_dist_compiled_react-dom_02pv8tp._.js:15037:24)
    at renderWithHooks (http://localhost:4000/_next/static/chunks/0d1g_next_dist_compiled_react-dom_02pv8tp._.js:4620:24)
    at updateFunctionComponent (http://localhost:4000/_next/static/chunks/0d1g_next_dist_compiled_react-dom_02pv8tp._.js:6081:21)
    at beginWork (http://localhost:4000/_next/static/chunks/0d1g_next_dist_compiled_react-dom_02pv8tp._.js:6691:24)
    at runWithFiberInDEV (http://localhost:4000/_next/static/chunks/0d1g_next_dist_compiled_react-dom_02pv8tp._.js:965:74)
    at performUnitOfWork (http://localhost:4000/_next/static/chunks/0d1g_next_dist_compiled_react-dom_02pv8tp._.js:9555:97)
    at workLoopSync (http://localhost:4000/_next/static/chunks/0d1g_next_dist_compiled_react-dom_02pv8tp._.js:9449:40)
    at renderRootSync (http://localhost:4000/_next/static/chunks/0d1g_next_dist_compiled_react-dom_02pv8tp._.js:9433:13)
    at performWorkOnRoot (http://localhost:4000/_next/static/chunks/0d1g_next_dist_compiled_react-dom_02pv8tp._.js:9098:47)
    at performSyncWorkOnRoot (http://localhost:4000/_next/static/chunks/0d1g_next_dist_compiled_react-dom_02pv8tp._.js:10263:9)
    at flushSyncWorkAcrossRoots_impl (http://localhost:4000/_next/static/chunks/0d1g_next_dist_compiled_react-dom_02pv8tp._.js:10179:316)
    at flushSyncWork$1 (http://localhost:4000/_next/static/chunks/0d1g_next_dist_compiled_react-dom_02pv8tp._.js:9230:86)
    at Object.scheduleRefresh (http://localhost:4000/_next/static/chunks/0d1g_next_dist_compiled_react-dom_02pv8tp._.js:299:13)
    at http://localhost:4000/_next/static/chunks/0d1g_next_dist_compiled_0jcobmk._.js:391:33
    at Set.forEach (<anonymous>)
    at Object.performReactRefresh (http://localhost:4000/_next/static/chunks/0d1g_next_dist_compiled_0jcobmk._.js:384:38)
    at applyUpdate (http://localhost:4000/_next/static/chunks/0d1g_next_dist_compiled_0jcobmk._.js:878:31)
    at http://localhost:4000/_next/static/chunks/0d1g_next_dist_compiled_0jcobmk._.js:886:13
[  727990ms] [LOG] [Fast Refresh] done in 457ms @ http://localhost:4000/_next/static/chunks/0d1g_next_dist_01ztmm1._.js:2477
[  728103ms] [WARNING] [Fast Refresh] performing full reload because your application had an unrecoverable error @ http://localhost:4000/_next/static/chunks/0d1g_next_dist_01ztmm1._.js:2477
[  728240ms] [LOG] [Fast Refresh] rebuilding @ http://localhost:4000/_next/static/chunks/0d1g_next_dist_01ztmm1._.js:2477
[  728415ms] [LOG] [Fast Refresh] done in 275ms @ http://localhost:4000/_next/static/chunks/0d1g_next_dist_01ztmm1._.js:2477
[  728791ms] [LOG] [Fast Refresh] rebuilding @ http://localhost:4000/_next/static/chunks/0d1g_next_dist_01ztmm1._.js:2477
[  728856ms] [LOG] [Fast Refresh] done in 167ms @ http://localhost:4000/_next/static/chunks/0d1g_next_dist_01ztmm1._.js:2477
[  729168ms] [INFO] %cDownload the React DevTools for a better development experience: https://react.dev/link/react-devtools font-weight:bold @ http://localhost:4000/_next/static/chunks/0d1g_next_dist_01ztmm1._.js:2477
[  729260ms] [LOG] [HMR] connected @ http://localhost:4000/_next/static/chunks/0d1g_next_dist_01ztmm1._.js:2477
[  729389ms] [ERROR] Encountered a script tag while rendering React component. Scripts inside React components are never executed when rendering on the client. Consider using template tag instead (https://developer.mozilla.org/en-US/docs/Web/HTML/Element/template). @ http://localhost:4000/_next/static/chunks/0d1g_next_dist_01ztmm1._.js:3318
[  729568ms] Error: Hydration failed because the server rendered text didn't match the client. As a result this tree will be regenerated on the client. This can happen if a SSR-ed Client Component used:

- A server/client branch `if (typeof window !== 'undefined')`.
- Variable input such as `Date.now()` or `Math.random()` which changes each time it's called.
- Date formatting in a user's locale which doesn't match the server.
- External changing data without sending a snapshot of it along with the HTML.
- Invalid HTML tag nesting.

It can also happen if the client has a browser extension installed which messes with the HTML before React loaded.

https://react.dev/link/hydration-mismatch

  ...
    <InnerLayoutRouter url="/blocks" tree={[...]} params={{}} cacheNode={{rsc:{...}, ...}} segmentPath={[...]} ...>
      <SegmentViewNode type="page" pagePath="(app)/bloc...">
        <SegmentTrieNode>
        <BlocksPage>
          <PdfViewerBlocks>
            <section className="space-y-12">
              <PdfViewerBlockPreview block={{id:"pdf-dr...", ...}}>
                <article id="pdf-dropzone" className="space-y-3">
                  <div>
                  <div className="overflow-h...">
                    <div>
                    <div className="bg-background">
                      <PdfDropzoneBlock>
                        <div className="grid h-[72...">
                          <FileUpload accept="applicatio..." acceptedFileTypes={[...]} browseLabel="Browse PDF" ...>
                            <div className="space-y-3 ...">
                              <style>
+                               {"...   rgba(0, 0, 0, 0.08) 57%,\n        rgba(0, 0, 0, 0.2) 60%,\n        rgba(0, 0..."}
-                               {"...   rgba(255, 255, 255, 0.1) 57%,\n        rgba(255, 255, 255, 0.3) 60%,\n      ..."}
                              ...
              ...
      ...

    at throwOnHydrationMismatch (http://localhost:4000/_next/static/chunks/0d1g_next_dist_compiled_react-dom_02pv8tp._.js:3318:56)
    at prepareToHydrateHostInstance (http://localhost:4000/_next/static/chunks/0d1g_next_dist_compiled_react-dom_02pv8tp._.js:3372:23)
    at completeWork (http://localhost:4000/_next/static/chunks/0d1g_next_dist_compiled_react-dom_02pv8tp._.js:6922:60)
    at runWithFiberInDEV (http://localhost:4000/_next/static/chunks/0d1g_next_dist_compiled_react-dom_02pv8tp._.js:965:74)
    at completeUnitOfWork (http://localhost:4000/_next/static/chunks/0d1g_next_dist_compiled_react-dom_02pv8tp._.js:9622:23)
    at performUnitOfWork (http://localhost:4000/_next/static/chunks/0d1g_next_dist_compiled_react-dom_02pv8tp._.js:9557:28)
    at workLoopConcurrentByScheduler (http://localhost:4000/_next/static/chunks/0d1g_next_dist_compiled_react-dom_02pv8tp._.js:9551:58)
    at renderRootConcurrent (http://localhost:4000/_next/static/chunks/0d1g_next_dist_compiled_react-dom_02pv8tp._.js:9534:71)
    at performWorkOnRoot (http://localhost:4000/_next/static/chunks/0d1g_next_dist_compiled_react-dom_02pv8tp._.js:9061:150)
    at performWorkOnRootViaSchedulerTask (http://localhost:4000/_next/static/chunks/0d1g_next_dist_compiled_react-dom_02pv8tp._.js:10255:9)
    at MessagePort.performWorkUntilDeadline (http://localhost:4000/_next/static/chunks/0d1g_next_dist_compiled_0jcobmk._.js:2647:64)
[  730262ms] ReferenceError: verticalListSortingStrategy is not defined
    at SplitterGroupsPane (http://localhost:4000/_next/static/chunks/apps_v4_102_iax._.js:4787:35)
    at Object.react_stack_bottom_frame (http://localhost:4000/_next/static/chunks/0d1g_next_dist_compiled_react-dom_02pv8tp._.js:15037:24)
    at renderWithHooks (http://localhost:4000/_next/static/chunks/0d1g_next_dist_compiled_react-dom_02pv8tp._.js:4620:24)
    at updateFunctionComponent (http://localhost:4000/_next/static/chunks/0d1g_next_dist_compiled_react-dom_02pv8tp._.js:6081:21)
    at beginWork (http://localhost:4000/_next/static/chunks/0d1g_next_dist_compiled_react-dom_02pv8tp._.js:6691:24)
    at runWithFiberInDEV (http://localhost:4000/_next/static/chunks/0d1g_next_dist_compiled_react-dom_02pv8tp._.js:965:74)
    at performUnitOfWork (http://localhost:4000/_next/static/chunks/0d1g_next_dist_compiled_react-dom_02pv8tp._.js:9555:97)
    at workLoopSync (http://localhost:4000/_next/static/chunks/0d1g_next_dist_compiled_react-dom_02pv8tp._.js:9449:40)
    at renderRootSync (http://localhost:4000/_next/static/chunks/0d1g_next_dist_compiled_react-dom_02pv8tp._.js:9433:13)
    at performWorkOnRoot (http://localhost:4000/_next/static/chunks/0d1g_next_dist_compiled_react-dom_02pv8tp._.js:9098:47)
    at performWorkOnRootViaSchedulerTask (http://localhost:4000/_next/static/chunks/0d1g_next_dist_compiled_react-dom_02pv8tp._.js:10255:9)
    at MessagePort.performWorkUntilDeadline (http://localhost:4000/_next/static/chunks/0d1g_next_dist_compiled_0jcobmk._.js:2647:64)
[  743924ms] [LOG] [Fast Refresh] rebuilding @ http://localhost:4000/_next/static/chunks/0d1g_next_dist_01ztmm1._.js:2477
[  744122ms] [WARNING] [Fast Refresh] performing full reload because your application had an unrecoverable error @ http://localhost:4000/_next/static/chunks/0d1g_next_dist_01ztmm1._.js:2477
[  744132ms] [LOG] [Fast Refresh] done in 298ms @ http://localhost:4000/_next/static/chunks/0d1g_next_dist_01ztmm1._.js:2477
[  744253ms] [LOG] [Fast Refresh] rebuilding @ http://localhost:4000/_next/static/chunks/0d1g_next_dist_01ztmm1._.js:2477
[  744343ms] [LOG] [Fast Refresh] done in 192ms @ http://localhost:4000/_next/static/chunks/0d1g_next_dist_01ztmm1._.js:2477
[  744517ms] [LOG] [Fast Refresh] rebuilding @ http://localhost:4000/_next/static/chunks/0d1g_next_dist_01ztmm1._.js:2477
[  744620ms] [LOG] [Fast Refresh] done in 205ms @ http://localhost:4000/_next/static/chunks/0d1g_next_dist_01ztmm1._.js:2477
[  745262ms] [INFO] %cDownload the React DevTools for a better development experience: https://react.dev/link/react-devtools font-weight:bold @ http://localhost:4000/_next/static/chunks/0d1g_next_dist_01ztmm1._.js:2477
[  745327ms] [LOG] [HMR] connected @ http://localhost:4000/_next/static/chunks/0d1g_next_dist_01ztmm1._.js:2477
[  745667ms] [ERROR] Encountered a script tag while rendering React component. Scripts inside React components are never executed when rendering on the client. Consider using template tag instead (https://developer.mozilla.org/en-US/docs/Web/HTML/Element/template). @ http://localhost:4000/_next/static/chunks/0d1g_next_dist_01ztmm1._.js:3318
[  745823ms] Error: Hydration failed because the server rendered text didn't match the client. As a result this tree will be regenerated on the client. This can happen if a SSR-ed Client Component used:

- A server/client branch `if (typeof window !== 'undefined')`.
- Variable input such as `Date.now()` or `Math.random()` which changes each time it's called.
- Date formatting in a user's locale which doesn't match the server.
- External changing data without sending a snapshot of it along with the HTML.
- Invalid HTML tag nesting.

It can also happen if the client has a browser extension installed which messes with the HTML before React loaded.

https://react.dev/link/hydration-mismatch

  ...
    <InnerLayoutRouter url="/blocks" tree={[...]} params={{}} cacheNode={{rsc:{...}, ...}} segmentPath={[...]} ...>
      <SegmentViewNode type="page" pagePath="(app)/bloc...">
        <SegmentTrieNode>
        <BlocksPage>
          <PdfViewerBlocks>
            <section className="space-y-12">
              <PdfViewerBlockPreview block={{id:"pdf-dr...", ...}}>
                <article id="pdf-dropzone" className="space-y-3">
                  <div>
                  <div className="overflow-h...">
                    <div>
                    <div className="bg-background">
                      <PdfDropzoneBlock>
                        <div className="grid h-[72...">
                          <FileUpload accept="applicatio..." acceptedFileTypes={[...]} browseLabel="Browse PDF" ...>
                            <div className="space-y-3 ...">
                              <style>
+                               {"...   rgba(0, 0, 0, 0.08) 57%,\n        rgba(0, 0, 0, 0.2) 60%,\n        rgba(0, 0..."}
-                               {"...   rgba(255, 255, 255, 0.1) 57%,\n        rgba(255, 255, 255, 0.3) 60%,\n      ..."}
                              ...
              ...
      ...

    at throwOnHydrationMismatch (http://localhost:4000/_next/static/chunks/0d1g_next_dist_compiled_react-dom_02pv8tp._.js:3318:56)
    at prepareToHydrateHostInstance (http://localhost:4000/_next/static/chunks/0d1g_next_dist_compiled_react-dom_02pv8tp._.js:3372:23)
    at completeWork (http://localhost:4000/_next/static/chunks/0d1g_next_dist_compiled_react-dom_02pv8tp._.js:6922:60)
    at runWithFiberInDEV (http://localhost:4000/_next/static/chunks/0d1g_next_dist_compiled_react-dom_02pv8tp._.js:965:74)
    at completeUnitOfWork (http://localhost:4000/_next/static/chunks/0d1g_next_dist_compiled_react-dom_02pv8tp._.js:9622:23)
    at performUnitOfWork (http://localhost:4000/_next/static/chunks/0d1g_next_dist_compiled_react-dom_02pv8tp._.js:9557:28)
    at workLoopConcurrentByScheduler (http://localhost:4000/_next/static/chunks/0d1g_next_dist_compiled_react-dom_02pv8tp._.js:9551:58)
    at renderRootConcurrent (http://localhost:4000/_next/static/chunks/0d1g_next_dist_compiled_react-dom_02pv8tp._.js:9534:71)
    at performWorkOnRoot (http://localhost:4000/_next/static/chunks/0d1g_next_dist_compiled_react-dom_02pv8tp._.js:9061:150)
    at performWorkOnRootViaSchedulerTask (http://localhost:4000/_next/static/chunks/0d1g_next_dist_compiled_react-dom_02pv8tp._.js:10255:9)
    at MessagePort.performWorkUntilDeadline (http://localhost:4000/_next/static/chunks/0d1g_next_dist_compiled_0jcobmk._.js:2647:64)
[  746354ms] [LOG] [Fast Refresh] rebuilding @ http://localhost:4000/_next/static/chunks/0d1g_next_dist_01ztmm1._.js:2477
[  746480ms] [LOG] [Fast Refresh] done in 275ms @ http://localhost:4000/_next/static/chunks/0d1g_next_dist_01ztmm1._.js:2477
[  746864ms] ReferenceError: verticalListSortingStrategy is not defined
    at SplitterGroupsPane (http://localhost:4000/_next/static/chunks/apps_v4_102_iax._.js:4777:35)
    at Object.react_stack_bottom_frame (http://localhost:4000/_next/static/chunks/0d1g_next_dist_compiled_react-dom_02pv8tp._.js:15037:24)
    at renderWithHooks (http://localhost:4000/_next/static/chunks/0d1g_next_dist_compiled_react-dom_02pv8tp._.js:4620:24)
    at updateFunctionComponent (http://localhost:4000/_next/static/chunks/0d1g_next_dist_compiled_react-dom_02pv8tp._.js:6081:21)
    at beginWork (http://localhost:4000/_next/static/chunks/0d1g_next_dist_compiled_react-dom_02pv8tp._.js:6691:24)
    at runWithFiberInDEV (http://localhost:4000/_next/static/chunks/0d1g_next_dist_compiled_react-dom_02pv8tp._.js:965:74)
    at performUnitOfWork (http://localhost:4000/_next/static/chunks/0d1g_next_dist_compiled_react-dom_02pv8tp._.js:9555:97)
    at workLoopSync (http://localhost:4000/_next/static/chunks/0d1g_next_dist_compiled_react-dom_02pv8tp._.js:9449:40)
    at renderRootSync (http://localhost:4000/_next/static/chunks/0d1g_next_dist_compiled_react-dom_02pv8tp._.js:9433:13)
    at performWorkOnRoot (http://localhost:4000/_next/static/chunks/0d1g_next_dist_compiled_react-dom_02pv8tp._.js:9098:47)
    at performWorkOnRootViaSchedulerTask (http://localhost:4000/_next/static/chunks/0d1g_next_dist_compiled_react-dom_02pv8tp._.js:10255:9)
    at MessagePort.performWorkUntilDeadline (http://localhost:4000/_next/static/chunks/0d1g_next_dist_compiled_0jcobmk._.js:2647:64)
[  746884ms] [LOG] [Fast Refresh] rebuilding @ http://localhost:4000/_next/static/chunks/0d1g_next_dist_01ztmm1._.js:2477
[  747117ms] [LOG] [Fast Refresh] done in 508ms @ http://localhost:4000/_next/static/chunks/0d1g_next_dist_01ztmm1._.js:2477
[  760765ms] [LOG] [Fast Refresh] rebuilding @ http://localhost:4000/_next/static/chunks/0d1g_next_dist_01ztmm1._.js:2477
[  760938ms] [WARNING] [Fast Refresh] performing full reload because your application had an unrecoverable error @ http://localhost:4000/_next/static/chunks/0d1g_next_dist_01ztmm1._.js:2477
[  760943ms] [LOG] [Fast Refresh] done in 272ms @ http://localhost:4000/_next/static/chunks/0d1g_next_dist_01ztmm1._.js:2477
[  761246ms] [LOG] [Fast Refresh] rebuilding @ http://localhost:4000/_next/static/chunks/0d1g_next_dist_01ztmm1._.js:2477
[  761310ms] [LOG] [Fast Refresh] done in 164ms @ http://localhost:4000/_next/static/chunks/0d1g_next_dist_01ztmm1._.js:2477
[  761581ms] [INFO] %cDownload the React DevTools for a better development experience: https://react.dev/link/react-devtools font-weight:bold @ http://localhost:4000/_next/static/chunks/0d1g_next_dist_01ztmm1._.js:2477
[  761671ms] [LOG] [HMR] connected @ http://localhost:4000/_next/static/chunks/0d1g_next_dist_01ztmm1._.js:2477
[  761780ms] [ERROR] Encountered a script tag while rendering React component. Scripts inside React components are never executed when rendering on the client. Consider using template tag instead (https://developer.mozilla.org/en-US/docs/Web/HTML/Element/template). @ http://localhost:4000/_next/static/chunks/0d1g_next_dist_01ztmm1._.js:3318
[  761969ms] Error: Hydration failed because the server rendered text didn't match the client. As a result this tree will be regenerated on the client. This can happen if a SSR-ed Client Component used:

- A server/client branch `if (typeof window !== 'undefined')`.
- Variable input such as `Date.now()` or `Math.random()` which changes each time it's called.
- Date formatting in a user's locale which doesn't match the server.
- External changing data without sending a snapshot of it along with the HTML.
- Invalid HTML tag nesting.

It can also happen if the client has a browser extension installed which messes with the HTML before React loaded.

https://react.dev/link/hydration-mismatch

  ...
    <InnerLayoutRouter url="/blocks" tree={[...]} params={{}} cacheNode={{rsc:{...}, ...}} segmentPath={[...]} ...>
      <SegmentViewNode type="page" pagePath="(app)/bloc...">
        <SegmentTrieNode>
        <BlocksPage>
          <PdfViewerBlocks>
            <section className="space-y-12">
              <PdfViewerBlockPreview block={{id:"pdf-dr...", ...}}>
                <article id="pdf-dropzone" className="space-y-3">
                  <div>
                  <div className="overflow-h...">
                    <div>
                    <div className="bg-background">
                      <PdfDropzoneBlock>
                        <div className="grid h-[72...">
                          <FileUpload accept="applicatio..." acceptedFileTypes={[...]} browseLabel="Browse PDF" ...>
                            <div className="space-y-3 ...">
                              <style>
+                               {"...   rgba(0, 0, 0, 0.08) 57%,\n        rgba(0, 0, 0, 0.2) 60%,\n        rgba(0, 0..."}
-                               {"...   rgba(255, 255, 255, 0.1) 57%,\n        rgba(255, 255, 255, 0.3) 60%,\n      ..."}
                              ...
              ...
      ...

    at throwOnHydrationMismatch (http://localhost:4000/_next/static/chunks/0d1g_next_dist_compiled_react-dom_02pv8tp._.js:3318:56)
    at prepareToHydrateHostInstance (http://localhost:4000/_next/static/chunks/0d1g_next_dist_compiled_react-dom_02pv8tp._.js:3372:23)
    at completeWork (http://localhost:4000/_next/static/chunks/0d1g_next_dist_compiled_react-dom_02pv8tp._.js:6922:60)
    at runWithFiberInDEV (http://localhost:4000/_next/static/chunks/0d1g_next_dist_compiled_react-dom_02pv8tp._.js:965:74)
    at completeUnitOfWork (http://localhost:4000/_next/static/chunks/0d1g_next_dist_compiled_react-dom_02pv8tp._.js:9622:23)
    at performUnitOfWork (http://localhost:4000/_next/static/chunks/0d1g_next_dist_compiled_react-dom_02pv8tp._.js:9557:28)
    at workLoopConcurrentByScheduler (http://localhost:4000/_next/static/chunks/0d1g_next_dist_compiled_react-dom_02pv8tp._.js:9551:58)
    at renderRootConcurrent (http://localhost:4000/_next/static/chunks/0d1g_next_dist_compiled_react-dom_02pv8tp._.js:9534:71)
    at performWorkOnRoot (http://localhost:4000/_next/static/chunks/0d1g_next_dist_compiled_react-dom_02pv8tp._.js:9061:150)
    at performWorkOnRootViaSchedulerTask (http://localhost:4000/_next/static/chunks/0d1g_next_dist_compiled_react-dom_02pv8tp._.js:10255:9)
    at MessagePort.performWorkUntilDeadline (http://localhost:4000/_next/static/chunks/0d1g_next_dist_compiled_0jcobmk._.js:2647:64)
[  763286ms] ReferenceError: verticalListSortingStrategy is not defined
    at SplitterGroupsPane (http://localhost:4000/_next/static/chunks/apps_v4_102_iax._.js:4764:35)
    at Object.react_stack_bottom_frame (http://localhost:4000/_next/static/chunks/0d1g_next_dist_compiled_react-dom_02pv8tp._.js:15037:24)
    at renderWithHooks (http://localhost:4000/_next/static/chunks/0d1g_next_dist_compiled_react-dom_02pv8tp._.js:4620:24)
    at updateFunctionComponent (http://localhost:4000/_next/static/chunks/0d1g_next_dist_compiled_react-dom_02pv8tp._.js:6081:21)
    at beginWork (http://localhost:4000/_next/static/chunks/0d1g_next_dist_compiled_react-dom_02pv8tp._.js:6691:24)
    at runWithFiberInDEV (http://localhost:4000/_next/static/chunks/0d1g_next_dist_compiled_react-dom_02pv8tp._.js:965:74)
    at performUnitOfWork (http://localhost:4000/_next/static/chunks/0d1g_next_dist_compiled_react-dom_02pv8tp._.js:9555:97)
    at workLoopSync (http://localhost:4000/_next/static/chunks/0d1g_next_dist_compiled_react-dom_02pv8tp._.js:9449:40)
    at renderRootSync (http://localhost:4000/_next/static/chunks/0d1g_next_dist_compiled_react-dom_02pv8tp._.js:9433:13)
    at performWorkOnRoot (http://localhost:4000/_next/static/chunks/0d1g_next_dist_compiled_react-dom_02pv8tp._.js:9098:47)
    at performWorkOnRootViaSchedulerTask (http://localhost:4000/_next/static/chunks/0d1g_next_dist_compiled_react-dom_02pv8tp._.js:10255:9)
    at MessagePort.performWorkUntilDeadline (http://localhost:4000/_next/static/chunks/0d1g_next_dist_compiled_0jcobmk._.js:2647:64)
[  770704ms] [LOG] [Fast Refresh] rebuilding @ http://localhost:4000/_next/static/chunks/0d1g_next_dist_01ztmm1._.js:2477
[  770841ms] [WARNING] [Fast Refresh] performing full reload because your application had an unrecoverable error @ http://localhost:4000/_next/static/chunks/0d1g_next_dist_01ztmm1._.js:2477
[  770876ms] [WARNING] [Fast Refresh] performing full reload because your application had an unrecoverable error @ http://localhost:4000/_next/static/chunks/0d1g_next_dist_01ztmm1._.js:2477
[  770886ms] [LOG] [Fast Refresh] done in 274ms @ http://localhost:4000/_next/static/chunks/0d1g_next_dist_01ztmm1._.js:2477
[  770994ms] [LOG] [Fast Refresh] rebuilding @ http://localhost:4000/_next/static/chunks/0d1g_next_dist_01ztmm1._.js:2477
[  771032ms] [LOG] [Fast Refresh] done in 139ms @ http://localhost:4000/_next/static/chunks/0d1g_next_dist_01ztmm1._.js:2477
[  771477ms] [INFO] %cDownload the React DevTools for a better development experience: https://react.dev/link/react-devtools font-weight:bold @ http://localhost:4000/_next/static/chunks/0d1g_next_dist_01ztmm1._.js:2477
[  771530ms] [LOG] [HMR] connected @ http://localhost:4000/_next/static/chunks/0d1g_next_dist_01ztmm1._.js:2477
[  771702ms] [ERROR] Encountered a script tag while rendering React component. Scripts inside React components are never executed when rendering on the client. Consider using template tag instead (https://developer.mozilla.org/en-US/docs/Web/HTML/Element/template). @ http://localhost:4000/_next/static/chunks/0d1g_next_dist_01ztmm1._.js:3318
[  771888ms] Error: Hydration failed because the server rendered text didn't match the client. As a result this tree will be regenerated on the client. This can happen if a SSR-ed Client Component used:

- A server/client branch `if (typeof window !== 'undefined')`.
- Variable input such as `Date.now()` or `Math.random()` which changes each time it's called.
- Date formatting in a user's locale which doesn't match the server.
- External changing data without sending a snapshot of it along with the HTML.
- Invalid HTML tag nesting.

It can also happen if the client has a browser extension installed which messes with the HTML before React loaded.

https://react.dev/link/hydration-mismatch

  ...
    <InnerLayoutRouter url="/blocks" tree={[...]} params={{}} cacheNode={{rsc:{...}, ...}} segmentPath={[...]} ...>
      <SegmentViewNode type="page" pagePath="(app)/bloc...">
        <SegmentTrieNode>
        <BlocksPage>
          <PdfViewerBlocks>
            <section className="space-y-12">
              <PdfViewerBlockPreview block={{id:"pdf-dr...", ...}}>
                <article id="pdf-dropzone" className="space-y-3">
                  <div>
                  <div className="overflow-h...">
                    <div>
                    <div className="bg-background">
                      <PdfDropzoneBlock>
                        <div className="grid h-[72...">
                          <FileUpload accept="applicatio..." acceptedFileTypes={[...]} browseLabel="Browse PDF" ...>
                            <div className="space-y-3 ...">
                              <style>
+                               {"...   rgba(0, 0, 0, 0.08) 57%,\n        rgba(0, 0, 0, 0.2) 60%,\n        rgba(0, 0..."}
-                               {"...   rgba(255, 255, 255, 0.1) 57%,\n        rgba(255, 255, 255, 0.3) 60%,\n      ..."}
                              ...
              ...
      ...

    at throwOnHydrationMismatch (http://localhost:4000/_next/static/chunks/0d1g_next_dist_compiled_react-dom_02pv8tp._.js:3318:56)
    at prepareToHydrateHostInstance (http://localhost:4000/_next/static/chunks/0d1g_next_dist_compiled_react-dom_02pv8tp._.js:3372:23)
    at completeWork (http://localhost:4000/_next/static/chunks/0d1g_next_dist_compiled_react-dom_02pv8tp._.js:6922:60)
    at runWithFiberInDEV (http://localhost:4000/_next/static/chunks/0d1g_next_dist_compiled_react-dom_02pv8tp._.js:965:74)
    at completeUnitOfWork (http://localhost:4000/_next/static/chunks/0d1g_next_dist_compiled_react-dom_02pv8tp._.js:9622:23)
    at performUnitOfWork (http://localhost:4000/_next/static/chunks/0d1g_next_dist_compiled_react-dom_02pv8tp._.js:9557:28)
    at workLoopConcurrentByScheduler (http://localhost:4000/_next/static/chunks/0d1g_next_dist_compiled_react-dom_02pv8tp._.js:9551:58)
    at renderRootConcurrent (http://localhost:4000/_next/static/chunks/0d1g_next_dist_compiled_react-dom_02pv8tp._.js:9534:71)
    at performWorkOnRoot (http://localhost:4000/_next/static/chunks/0d1g_next_dist_compiled_react-dom_02pv8tp._.js:9061:150)
    at performWorkOnRootViaSchedulerTask (http://localhost:4000/_next/static/chunks/0d1g_next_dist_compiled_react-dom_02pv8tp._.js:10255:9)
    at MessagePort.performWorkUntilDeadline (http://localhost:4000/_next/static/chunks/0d1g_next_dist_compiled_0jcobmk._.js:2647:64)
[  792764ms] [LOG] [Fast Refresh] rebuilding @ http://localhost:4000/_next/static/chunks/0d1g_next_dist_01ztmm1._.js:2477
[  793034ms] [LOG] [Fast Refresh] done in 320ms @ http://localhost:4000/_next/static/chunks/0d1g_next_dist_01ztmm1._.js:2477
[  813175ms] [LOG] [Fast Refresh] rebuilding @ http://localhost:4000/_next/static/chunks/0d1g_next_dist_01ztmm1._.js:2477
[  813491ms] [LOG] [Fast Refresh] done in 235ms @ http://localhost:4000/_next/static/chunks/0d1g_next_dist_01ztmm1._.js:2477
[  824240ms] [LOG] [Fast Refresh] rebuilding @ http://localhost:4000/_next/static/chunks/0d1g_next_dist_01ztmm1._.js:2477
[  824439ms] [LOG] [Fast Refresh] done in 248ms @ http://localhost:4000/_next/static/chunks/0d1g_next_dist_01ztmm1._.js:2477
