[  285586ms] [LOG] [Fast Refresh] rebuilding @ http://localhost:4000/_next/static/chunks/0d1g_next_dist_01ztmm1._.js:2477
[  285633ms] [LOG] [Fast Refresh] done in 148ms @ http://localhost:4000/_next/static/chunks/0d1g_next_dist_01ztmm1._.js:2477
[  380341ms] [LOG] [Fast Refresh] rebuilding @ http://localhost:4000/_next/static/chunks/0d1g_next_dist_01ztmm1._.js:2477
[  380801ms] [LOG] [Fast Refresh] done in 447ms @ http://localhost:4000/_next/static/chunks/0d1g_next_dist_01ztmm1._.js:2477
[  394243ms] [LOG] [Fast Refresh] rebuilding @ http://localhost:4000/_next/static/chunks/0d1g_next_dist_01ztmm1._.js:2477
[  394466ms] [LOG] [Fast Refresh] done in 301ms @ http://localhost:4000/_next/static/chunks/0d1g_next_dist_01ztmm1._.js:2477
[  409817ms] [LOG] [Fast Refresh] rebuilding @ http://localhost:4000/_next/static/chunks/0d1g_next_dist_01ztmm1._.js:2477
[  409836ms] [LOG] [Fast Refresh] done in 119ms @ http://localhost:4000/_next/static/chunks/0d1g_next_dist_01ztmm1._.js:2477
[  487578ms] [LOG] [Fast Refresh] rebuilding @ http://localhost:4000/_next/static/chunks/0d1g_next_dist_01ztmm1._.js:2477
[  488294ms] [LOG] [Fast Refresh] done in 683ms @ http://localhost:4000/_next/static/chunks/0d1g_next_dist_01ztmm1._.js:2477
[  495517ms] [LOG] [Fast Refresh] rebuilding @ http://localhost:4000/_next/static/chunks/0d1g_next_dist_01ztmm1._.js:2477
[  495699ms] [LOG] [Fast Refresh] done in 244ms @ http://localhost:4000/_next/static/chunks/0d1g_next_dist_01ztmm1._.js:2477
[ 1317909ms] [LOG] [HMR] connected @ http://localhost:4000/_next/static/chunks/0d1g_next_dist_01ztmm1._.js:2477
[ 1921612ms] [LOG] [Fast Refresh] rebuilding @ http://localhost:4000/_next/static/chunks/0d1g_next_dist_01ztmm1._.js:2477
[ 1921652ms] [LOG] [Fast Refresh] done in 140ms @ http://localhost:4000/_next/static/chunks/0d1g_next_dist_01ztmm1._.js:2477
[ 2124524ms] [LOG] [Fast Refresh] rebuilding @ http://localhost:4000/_next/static/chunks/0d1g_next_dist_01ztmm1._.js:2477
[ 2124803ms] [LOG] [Fast Refresh] done in 357ms @ http://localhost:4000/_next/static/chunks/0d1g_next_dist_01ztmm1._.js:2477
[ 2132399ms] [LOG] [Fast Refresh] rebuilding @ http://localhost:4000/_next/static/chunks/0d1g_next_dist_01ztmm1._.js:2477
[ 2132597ms] [LOG] [Fast Refresh] done in 273ms @ http://localhost:4000/_next/static/chunks/0d1g_next_dist_01ztmm1._.js:2477
[ 2144836ms] [LOG] [Fast Refresh] rebuilding @ http://localhost:4000/_next/static/chunks/0d1g_next_dist_01ztmm1._.js:2477
[ 2145008ms] [LOG] [Fast Refresh] done in 245ms @ http://localhost:4000/_next/static/chunks/0d1g_next_dist_01ztmm1._.js:2477
[ 2790258ms] [LOG] [Fast Refresh] rebuilding @ http://localhost:4000/_next/static/chunks/0d1g_next_dist_01ztmm1._.js:2477
[ 2790294ms] [LOG] [Fast Refresh] done in 140ms @ http://localhost:4000/_next/static/chunks/0d1g_next_dist_01ztmm1._.js:2477
[ 2892850ms] [LOG] [Fast Refresh] rebuilding @ http://localhost:4000/_next/static/chunks/0d1g_next_dist_01ztmm1._.js:2477
[ 2893195ms] [LOG] [Fast Refresh] done in 303ms @ http://localhost:4000/_next/static/chunks/0d1g_next_dist_01ztmm1._.js:2477
[ 2893593ms] [LOG] [Fast Refresh] rebuilding @ http://localhost:4000/_next/static/chunks/0d1g_next_dist_01ztmm1._.js:2477
[ 2893766ms] [LOG] [Fast Refresh] done in 275ms @ http://localhost:4000/_next/static/chunks/0d1g_next_dist_01ztmm1._.js:2477
[ 2894143ms] [LOG] [Fast Refresh] rebuilding @ http://localhost:4000/_next/static/chunks/0d1g_next_dist_01ztmm1._.js:2477
[ 2894208ms] [LOG] [Fast Refresh] done in 167ms @ http://localhost:4000/_next/static/chunks/0d1g_next_dist_01ztmm1._.js:2477
[ 2895145ms] [LOG] [Fast Refresh] rebuilding @ http://localhost:4000/_next/static/chunks/0d1g_next_dist_01ztmm1._.js:2477
[ 2895157ms] [LOG] [Fast Refresh] done in 112ms @ http://localhost:4000/_next/static/chunks/0d1g_next_dist_01ztmm1._.js:2477
[ 2895675ms] [LOG] [Fast Refresh] rebuilding @ http://localhost:4000/_next/static/chunks/0d1g_next_dist_01ztmm1._.js:2477
[ 2895694ms] [LOG] [Fast Refresh] done in 120ms @ http://localhost:4000/_next/static/chunks/0d1g_next_dist_01ztmm1._.js:2477
[ 2909276ms] [LOG] [Fast Refresh] rebuilding @ http://localhost:4000/_next/static/chunks/0d1g_next_dist_01ztmm1._.js:2477
[ 2909484ms] [LOG] [Fast Refresh] done in 277ms @ http://localhost:4000/_next/static/chunks/0d1g_next_dist_01ztmm1._.js:2477
[ 2909604ms] [LOG] [Fast Refresh] rebuilding @ http://localhost:4000/_next/static/chunks/0d1g_next_dist_01ztmm1._.js:2477
[ 2909695ms] [LOG] [Fast Refresh] done in 192ms @ http://localhost:4000/_next/static/chunks/0d1g_next_dist_01ztmm1._.js:2477
[ 2909869ms] [LOG] [Fast Refresh] rebuilding @ http://localhost:4000/_next/static/chunks/0d1g_next_dist_01ztmm1._.js:2477
[ 2909972ms] [LOG] [Fast Refresh] done in 205ms @ http://localhost:4000/_next/static/chunks/0d1g_next_dist_01ztmm1._.js:2477
[ 2911086ms] [LOG] [Fast Refresh] rebuilding @ http://localhost:4000/_next/static/chunks/0d1g_next_dist_01ztmm1._.js:2477
[ 2911089ms] [LOG] [Fast Refresh] done in 105ms @ http://localhost:4000/_next/static/chunks/0d1g_next_dist_01ztmm1._.js:2477
[ 2911226ms] [LOG] [Fast Refresh] rebuilding @ http://localhost:4000/_next/static/chunks/0d1g_next_dist_01ztmm1._.js:2477
[ 2911246ms] [LOG] [Fast Refresh] done in 121ms @ http://localhost:4000/_next/static/chunks/0d1g_next_dist_01ztmm1._.js:2477
[ 2911348ms] [LOG] [Fast Refresh] rebuilding @ http://localhost:4000/_next/static/chunks/0d1g_next_dist_01ztmm1._.js:2477
[ 2911386ms] [LOG] [Fast Refresh] done in 140ms @ http://localhost:4000/_next/static/chunks/0d1g_next_dist_01ztmm1._.js:2477
[ 2911543ms] [LOG] [Fast Refresh] rebuilding @ http://localhost:4000/_next/static/chunks/0d1g_next_dist_01ztmm1._.js:2477
[ 2911553ms] [LOG] [Fast Refresh] done in 111ms @ http://localhost:4000/_next/static/chunks/0d1g_next_dist_01ztmm1._.js:2477
[ 2911657ms] [LOG] [Fast Refresh] rebuilding @ http://localhost:4000/_next/static/chunks/0d1g_next_dist_01ztmm1._.js:2477
[ 2911810ms] [LOG] [Fast Refresh] done in 254ms @ http://localhost:4000/_next/static/chunks/0d1g_next_dist_01ztmm1._.js:2477
[ 2912009ms] [LOG] [Fast Refresh] rebuilding @ http://localhost:4000/_next/static/chunks/0d1g_next_dist_01ztmm1._.js:2477
[ 2912469ms] [LOG] [Fast Refresh] done in 561ms @ http://localhost:4000/_next/static/chunks/0d1g_next_dist_01ztmm1._.js:2477
[ 2926118ms] [LOG] [Fast Refresh] rebuilding @ http://localhost:4000/_next/static/chunks/0d1g_next_dist_01ztmm1._.js:2477
[ 2926282ms] [LOG] [Fast Refresh] done in 256ms @ http://localhost:4000/_next/static/chunks/0d1g_next_dist_01ztmm1._.js:2477
[ 2926599ms] [LOG] [Fast Refresh] rebuilding @ http://localhost:4000/_next/static/chunks/0d1g_next_dist_01ztmm1._.js:2477
[ 2926662ms] [LOG] [Fast Refresh] done in 164ms @ http://localhost:4000/_next/static/chunks/0d1g_next_dist_01ztmm1._.js:2477
[ 2927227ms] [LOG] [Fast Refresh] rebuilding @ http://localhost:4000/_next/static/chunks/0d1g_next_dist_01ztmm1._.js:2477
[ 2927275ms] [LOG] [Fast Refresh] done in 149ms @ http://localhost:4000/_next/static/chunks/0d1g_next_dist_01ztmm1._.js:2477
[ 2927588ms] [LOG] [Fast Refresh] rebuilding @ http://localhost:4000/_next/static/chunks/0d1g_next_dist_01ztmm1._.js:2477
[ 2927591ms] [LOG] [Fast Refresh] done in 104ms @ http://localhost:4000/_next/static/chunks/0d1g_next_dist_01ztmm1._.js:2477
[ 2927916ms] [LOG] [Fast Refresh] rebuilding @ http://localhost:4000/_next/static/chunks/0d1g_next_dist_01ztmm1._.js:2477
[ 2927921ms] [LOG] [Fast Refresh] done in 107ms @ http://localhost:4000/_next/static/chunks/0d1g_next_dist_01ztmm1._.js:2477
[ 2936056ms] [LOG] [Fast Refresh] rebuilding @ http://localhost:4000/_next/static/chunks/0d1g_next_dist_01ztmm1._.js:2477
[ 2936237ms] [LOG] [Fast Refresh] done in 242ms @ http://localhost:4000/_next/static/chunks/0d1g_next_dist_01ztmm1._.js:2477
[ 2936346ms] [LOG] [Fast Refresh] rebuilding @ http://localhost:4000/_next/static/chunks/0d1g_next_dist_01ztmm1._.js:2477
[ 2936384ms] [LOG] [Fast Refresh] done in 139ms @ http://localhost:4000/_next/static/chunks/0d1g_next_dist_01ztmm1._.js:2477
[ 2937381ms] [LOG] [Fast Refresh] rebuilding @ http://localhost:4000/_next/static/chunks/0d1g_next_dist_01ztmm1._.js:2477
[ 2937433ms] [LOG] [Fast Refresh] done in 154ms @ http://localhost:4000/_next/static/chunks/0d1g_next_dist_01ztmm1._.js:2477
[ 2958117ms] [LOG] [Fast Refresh] rebuilding @ http://localhost:4000/_next/static/chunks/0d1g_next_dist_01ztmm1._.js:2477
[ 2958316ms] [LOG] [Fast Refresh] done in 280ms @ http://localhost:4000/_next/static/chunks/0d1g_next_dist_01ztmm1._.js:2477
[ 2978527ms] [LOG] [Fast Refresh] rebuilding @ http://localhost:4000/_next/static/chunks/0d1g_next_dist_01ztmm1._.js:2477
[ 2978679ms] [LOG] [Fast Refresh] done in 225ms @ http://localhost:4000/_next/static/chunks/0d1g_next_dist_01ztmm1._.js:2477
[ 2989592ms] [LOG] [Fast Refresh] rebuilding @ http://localhost:4000/_next/static/chunks/0d1g_next_dist_01ztmm1._.js:2477
[ 2989749ms] [LOG] [Fast Refresh] done in 236ms @ http://localhost:4000/_next/static/chunks/0d1g_next_dist_01ztmm1._.js:2477
[ 3065796ms] [LOG] [Fast Refresh] rebuilding @ http://localhost:4000/_next/static/chunks/0d1g_next_dist_01ztmm1._.js:2477
[ 3066067ms] [LOG] [Fast Refresh] done in 339ms @ http://localhost:4000/_next/static/chunks/0d1g_next_dist_01ztmm1._.js:2477
[ 3117581ms] [LOG] [Fast Refresh] rebuilding @ http://localhost:4000/_next/static/chunks/0d1g_next_dist_01ztmm1._.js:2477
[ 3117968ms] [LOG] [Fast Refresh] done in 469ms @ http://localhost:4000/_next/static/chunks/0d1g_next_dist_01ztmm1._.js:2477
