[     441ms] [INFO] %cDownload the React DevTools for a better development experience: https://react.dev/link/react-devtools font-weight:bold @ http://localhost:4000/_next/static/chunks/0d1g_next_dist_01ztmm1._.js:2477
[     526ms] [LOG] [HMR] connected @ http://localhost:4000/_next/static/chunks/0d1g_next_dist_01ztmm1._.js:2477
[     619ms] [ERROR] Encountered a script tag while rendering React component. Scripts inside React components are never executed when rendering on the client. Consider using template tag instead (https://developer.mozilla.org/en-US/docs/Web/HTML/Element/template). @ http://localhost:4000/_next/static/chunks/0d1g_next_dist_01ztmm1._.js:3318
[     745ms] Error: Hydration failed because the server rendered text didn't match the client. As a result this tree will be regenerated on the client. This can happen if a SSR-ed Client Component used:

- A server/client branch `if (typeof window !== 'undefined')`.
- Variable input such as `Date.now()` or `Math.random()` which changes each time it's called.
- Date formatting in a user's locale which doesn't match the server.
- External changing data without sending a snapshot of it along with the HTML.
- Invalid HTML tag nesting.

It can also happen if the client has a browser extension installed which messes with the HTML before React loaded.

https://react.dev/link/hydration-mismatch

  ...
    <InnerLayoutRouter url="/blocks" tree={[...]} params={{}} cacheNode={{rsc:{...}, ...}} segmentPath={[...]} ...>
      <SegmentViewNode type="page" pagePath="(app)/bloc...">
        <SegmentTrieNode>
        <BlocksPage>
          <PdfViewerBlocks>
            <section className="space-y-12">
              <PdfViewerBlockPreview block={{id:"pdf-dr...", ...}}>
                <article id="pdf-dropzone" className="space-y-3">
                  <div>
                  <div className="overflow-h...">
                    <div>
                    <div className="bg-background">
                      <PdfDropzoneBlock>
                        <div className="grid h-[72...">
                          <FileUpload accept="applicatio..." acceptedFileTypes={[...]} browseLabel="Browse PDF" ...>
                            <div className="space-y-3 ...">
                              <style>
+                               {"...   rgba(0, 0, 0, 0.08) 57%,\n        rgba(0, 0, 0, 0.2) 60%,\n        rgba(0, 0..."}
-                               {"...   rgba(255, 255, 255, 0.1) 57%,\n        rgba(255, 255, 255, 0.3) 60%,\n      ..."}
                              ...
              ...
      ...

    at throwOnHydrationMismatch (http://localhost:4000/_next/static/chunks/0d1g_next_dist_compiled_react-dom_02pv8tp._.js:3318:56)
    at prepareToHydrateHostInstance (http://localhost:4000/_next/static/chunks/0d1g_next_dist_compiled_react-dom_02pv8tp._.js:3372:23)
    at completeWork (http://localhost:4000/_next/static/chunks/0d1g_next_dist_compiled_react-dom_02pv8tp._.js:6922:60)
    at runWithFiberInDEV (http://localhost:4000/_next/static/chunks/0d1g_next_dist_compiled_react-dom_02pv8tp._.js:965:74)
    at completeUnitOfWork (http://localhost:4000/_next/static/chunks/0d1g_next_dist_compiled_react-dom_02pv8tp._.js:9622:23)
    at performUnitOfWork (http://localhost:4000/_next/static/chunks/0d1g_next_dist_compiled_react-dom_02pv8tp._.js:9557:28)
    at workLoopConcurrentByScheduler (http://localhost:4000/_next/static/chunks/0d1g_next_dist_compiled_react-dom_02pv8tp._.js:9551:58)
    at renderRootConcurrent (http://localhost:4000/_next/static/chunks/0d1g_next_dist_compiled_react-dom_02pv8tp._.js:9534:71)
    at performWorkOnRoot (http://localhost:4000/_next/static/chunks/0d1g_next_dist_compiled_react-dom_02pv8tp._.js:9061:150)
    at performWorkOnRootViaSchedulerTask (http://localhost:4000/_next/static/chunks/0d1g_next_dist_compiled_react-dom_02pv8tp._.js:10255:9)
    at MessagePort.performWorkUntilDeadline (http://localhost:4000/_next/static/chunks/0d1g_next_dist_compiled_0jcobmk._.js:2647:64)
[   95383ms] [LOG] [Fast Refresh] rebuilding @ http://localhost:4000/_next/static/chunks/0d1g_next_dist_01ztmm1._.js:2477
[   95883ms] [LOG] [Fast Refresh] done in 445ms @ http://localhost:4000/_next/static/chunks/0d1g_next_dist_01ztmm1._.js:2477
[  109287ms] [LOG] [Fast Refresh] rebuilding @ http://localhost:4000/_next/static/chunks/0d1g_next_dist_01ztmm1._.js:2477
[  109492ms] [LOG] [Fast Refresh] done in 295ms @ http://localhost:4000/_next/static/chunks/0d1g_next_dist_01ztmm1._.js:2477
[  124860ms] [LOG] [Fast Refresh] rebuilding @ http://localhost:4000/_next/static/chunks/0d1g_next_dist_01ztmm1._.js:2477
[  124879ms] [LOG] [Fast Refresh] done in 119ms @ http://localhost:4000/_next/static/chunks/0d1g_next_dist_01ztmm1._.js:2477
